  Project.c
c:\users\patrick\documents\college\secondyear\semestertwo\advanced c\advancedcproject\advancedcproject\project.c(128): warning C4133: 'function': incompatible types - from 'listElement **' to 'listElemnt **'
c:\users\patrick\documents\college\secondyear\semestertwo\advanced c\advancedcproject\advancedcproject\project.c(158): warning C4133: 'function': incompatible types - from 'listElement *' to 'listElemnt *'
c:\users\patrick\documents\college\secondyear\semestertwo\advanced c\advancedcproject\advancedcproject\project.c(178): warning C4133: 'function': incompatible types - from 'listElement *' to 'listElemnt *'
c:\users\patrick\documents\college\secondyear\semestertwo\advanced c\advancedcproject\advancedcproject\project.c(92): warning C4996: 'scanf': This function or variable may be unsafe. Consider using scanf_s instead. To disable deprecation, use _CRT_SECURE_NO_WARNINGS. See online help for details.
  c:\program files (x86)\windows kits\10\include\10.0.10240.0\ucrt\stdio.h(1270): note: see declaration of 'scanf'
c:\users\patrick\documents\college\secondyear\semestertwo\advanced c\advancedcproject\advancedcproject\project.c(96): warning C4996: 'getch': The POSIX name for this item is deprecated. Instead, use the ISO C and C++ conformant name: _getch. See online help for details.
  c:\program files (x86)\windows kits\10\include\10.0.10240.0\ucrt\conio.h(452): note: see declaration of 'getch'
c:\users\patrick\documents\college\secondyear\semestertwo\advanced c\advancedcproject\advancedcproject\project.c(125): warning C4996: 'fopen': This function or variable may be unsafe. Consider using fopen_s instead. To disable deprecation, use _CRT_SECURE_NO_WARNINGS. See online help for details.
  c:\program files (x86)\windows kits\10\include\10.0.10240.0\ucrt\stdio.h(205): note: see declaration of 'fopen'
c:\users\patrick\documents\college\secondyear\semestertwo\advanced c\advancedcproject\advancedcproject\project.c(132): warning C4996: 'scanf': This function or variable may be unsafe. Consider using scanf_s instead. To disable deprecation, use _CRT_SECURE_NO_WARNINGS. See online help for details.
  c:\program files (x86)\windows kits\10\include\10.0.10240.0\ucrt\stdio.h(1270): note: see declaration of 'scanf'
c:\users\patrick\documents\college\secondyear\semestertwo\advanced c\advancedcproject\advancedcproject\project.c(180): warning C4996: 'getch': The POSIX name for this item is deprecated. Instead, use the ISO C and C++ conformant name: _getch. See online help for details.
  c:\program files (x86)\windows kits\10\include\10.0.10240.0\ucrt\conio.h(452): note: see declaration of 'getch'
c:\users\patrick\documents\college\secondyear\semestertwo\advanced c\advancedcproject\advancedcproject\project.c(75): warning C4101: 'name': unreferenced local variable
c:\users\patrick\documents\college\secondyear\semestertwo\advanced c\advancedcproject\advancedcproject\project.c(79): warning C4101: 'numRecords': unreferenced local variable
c:\users\patrick\documents\college\secondyear\semestertwo\advanced c\advancedcproject\advancedcproject\project.c(187): warning C4996: 'fopen': This function or variable may be unsafe. Consider using fopen_s instead. To disable deprecation, use _CRT_SECURE_NO_WARNINGS. See online help for details.
  c:\program files (x86)\windows kits\10\include\10.0.10240.0\ucrt\stdio.h(205): note: see declaration of 'fopen'
c:\users\patrick\documents\college\secondyear\semestertwo\advanced c\advancedcproject\advancedcproject\project.c(193): warning C4996: 'fscanf': This function or variable may be unsafe. Consider using fscanf_s instead. To disable deprecation, use _CRT_SECURE_NO_WARNINGS. See online help for details.
  c:\program files (x86)\windows kits\10\include\10.0.10240.0\ucrt\stdio.h(1193): note: see declaration of 'fscanf'
c:\users\patrick\documents\college\secondyear\semestertwo\advanced c\advancedcproject\advancedcproject\project.c(194): warning C4996: 'fscanf': This function or variable may be unsafe. Consider using fscanf_s instead. To disable deprecation, use _CRT_SECURE_NO_WARNINGS. See online help for details.
  c:\program files (x86)\windows kits\10\include\10.0.10240.0\ucrt\stdio.h(1193): note: see declaration of 'fscanf'
c:\users\patrick\documents\college\secondyear\semestertwo\advanced c\advancedcproject\advancedcproject\project.c(241): warning C4996: 'scanf': This function or variable may be unsafe. Consider using scanf_s instead. To disable deprecation, use _CRT_SECURE_NO_WARNINGS. See online help for details.
  c:\program files (x86)\windows kits\10\include\10.0.10240.0\ucrt\stdio.h(1270): note: see declaration of 'scanf'
c:\users\patrick\documents\college\secondyear\semestertwo\advanced c\advancedcproject\advancedcproject\project.c(254): warning C4996: 'scanf': This function or variable may be unsafe. Consider using scanf_s instead. To disable deprecation, use _CRT_SECURE_NO_WARNINGS. See online help for details.
  c:\program files (x86)\windows kits\10\include\10.0.10240.0\ucrt\stdio.h(1270): note: see declaration of 'scanf'
c:\users\patrick\documents\college\secondyear\semestertwo\advanced c\advancedcproject\advancedcproject\project.c(256): warning C4996: 'scanf': This function or variable may be unsafe. Consider using scanf_s instead. To disable deprecation, use _CRT_SECURE_NO_WARNINGS. See online help for details.
  c:\program files (x86)\windows kits\10\include\10.0.10240.0\ucrt\stdio.h(1270): note: see declaration of 'scanf'
c:\users\patrick\documents\college\secondyear\semestertwo\advanced c\advancedcproject\advancedcproject\project.c(258): warning C4996: 'scanf': This function or variable may be unsafe. Consider using scanf_s instead. To disable deprecation, use _CRT_SECURE_NO_WARNINGS. See online help for details.
  c:\program files (x86)\windows kits\10\include\10.0.10240.0\ucrt\stdio.h(1270): note: see declaration of 'scanf'
c:\users\patrick\documents\college\secondyear\semestertwo\advanced c\advancedcproject\advancedcproject\project.c(261): warning C4996: 'scanf': This function or variable may be unsafe. Consider using scanf_s instead. To disable deprecation, use _CRT_SECURE_NO_WARNINGS. See online help for details.
  c:\program files (x86)\windows kits\10\include\10.0.10240.0\ucrt\stdio.h(1270): note: see declaration of 'scanf'
c:\users\patrick\documents\college\secondyear\semestertwo\advanced c\advancedcproject\advancedcproject\project.c(267): warning C4996: 'strcpy': This function or variable may be unsafe. Consider using strcpy_s instead. To disable deprecation, use _CRT_SECURE_NO_WARNINGS. See online help for details.
  c:\program files (x86)\windows kits\10\include\10.0.10240.0\ucrt\string.h(119): note: see declaration of 'strcpy'
c:\users\patrick\documents\college\secondyear\semestertwo\advanced c\advancedcproject\advancedcproject\project.c(271): warning C4996: 'scanf': This function or variable may be unsafe. Consider using scanf_s instead. To disable deprecation, use _CRT_SECURE_NO_WARNINGS. See online help for details.
  c:\program files (x86)\windows kits\10\include\10.0.10240.0\ucrt\stdio.h(1270): note: see declaration of 'scanf'
c:\users\patrick\documents\college\secondyear\semestertwo\advanced c\advancedcproject\advancedcproject\project.c(287): warning C4996: 'scanf': This function or variable may be unsafe. Consider using scanf_s instead. To disable deprecation, use _CRT_SECURE_NO_WARNINGS. See online help for details.
  c:\program files (x86)\windows kits\10\include\10.0.10240.0\ucrt\stdio.h(1270): note: see declaration of 'scanf'
c:\users\patrick\documents\college\secondyear\semestertwo\advanced c\advancedcproject\advancedcproject\project.c(298): warning C4996: 'scanf': This function or variable may be unsafe. Consider using scanf_s instead. To disable deprecation, use _CRT_SECURE_NO_WARNINGS. See online help for details.
  c:\program files (x86)\windows kits\10\include\10.0.10240.0\ucrt\stdio.h(1270): note: see declaration of 'scanf'
c:\users\patrick\documents\college\secondyear\semestertwo\advanced c\advancedcproject\advancedcproject\project.c(306): warning C4996: 'scanf': This function or variable may be unsafe. Consider using scanf_s instead. To disable deprecation, use _CRT_SECURE_NO_WARNINGS. See online help for details.
  c:\program files (x86)\windows kits\10\include\10.0.10240.0\ucrt\stdio.h(1270): note: see declaration of 'scanf'
c:\users\patrick\documents\college\secondyear\semestertwo\advanced c\advancedcproject\advancedcproject\project.c(314): warning C4996: 'scanf': This function or variable may be unsafe. Consider using scanf_s instead. To disable deprecation, use _CRT_SECURE_NO_WARNINGS. See online help for details.
  c:\program files (x86)\windows kits\10\include\10.0.10240.0\ucrt\stdio.h(1270): note: see declaration of 'scanf'
c:\users\patrick\documents\college\secondyear\semestertwo\advanced c\advancedcproject\advancedcproject\project.c(322): warning C4996: 'scanf': This function or variable may be unsafe. Consider using scanf_s instead. To disable deprecation, use _CRT_SECURE_NO_WARNINGS. See online help for details.
  c:\program files (x86)\windows kits\10\include\10.0.10240.0\ucrt\stdio.h(1270): note: see declaration of 'scanf'
c:\users\patrick\documents\college\secondyear\semestertwo\advanced c\advancedcproject\advancedcproject\project.c(341): warning C4996: 'scanf': This function or variable may be unsafe. Consider using scanf_s instead. To disable deprecation, use _CRT_SECURE_NO_WARNINGS. See online help for details.
  c:\program files (x86)\windows kits\10\include\10.0.10240.0\ucrt\stdio.h(1270): note: see declaration of 'scanf'
c:\users\patrick\documents\college\secondyear\semestertwo\advanced c\advancedcproject\advancedcproject\project.c(349): warning C4996: 'scanf': This function or variable may be unsafe. Consider using scanf_s instead. To disable deprecation, use _CRT_SECURE_NO_WARNINGS. See online help for details.
  c:\program files (x86)\windows kits\10\include\10.0.10240.0\ucrt\stdio.h(1270): note: see declaration of 'scanf'
c:\users\patrick\documents\college\secondyear\semestertwo\advanced c\advancedcproject\advancedcproject\project.c(351): warning C4996: 'scanf': This function or variable may be unsafe. Consider using scanf_s instead. To disable deprecation, use _CRT_SECURE_NO_WARNINGS. See online help for details.
  c:\program files (x86)\windows kits\10\include\10.0.10240.0\ucrt\stdio.h(1270): note: see declaration of 'scanf'
c:\users\patrick\documents\college\secondyear\semestertwo\advanced c\advancedcproject\advancedcproject\project.c(353): warning C4996: 'scanf': This function or variable may be unsafe. Consider using scanf_s instead. To disable deprecation, use _CRT_SECURE_NO_WARNINGS. See online help for details.
  c:\program files (x86)\windows kits\10\include\10.0.10240.0\ucrt\stdio.h(1270): note: see declaration of 'scanf'
c:\users\patrick\documents\college\secondyear\semestertwo\advanced c\advancedcproject\advancedcproject\project.c(356): warning C4996: 'scanf': This function or variable may be unsafe. Consider using scanf_s instead. To disable deprecation, use _CRT_SECURE_NO_WARNINGS. See online help for details.
  c:\program files (x86)\windows kits\10\include\10.0.10240.0\ucrt\stdio.h(1270): note: see declaration of 'scanf'
c:\users\patrick\documents\college\secondyear\semestertwo\advanced c\advancedcproject\advancedcproject\project.c(362): warning C4996: 'strcpy': This function or variable may be unsafe. Consider using strcpy_s instead. To disable deprecation, use _CRT_SECURE_NO_WARNINGS. See online help for details.
  c:\program files (x86)\windows kits\10\include\10.0.10240.0\ucrt\string.h(119): note: see declaration of 'strcpy'
c:\users\patrick\documents\college\secondyear\semestertwo\advanced c\advancedcproject\advancedcproject\project.c(365): warning C4996: 'scanf': This function or variable may be unsafe. Consider using scanf_s instead. To disable deprecation, use _CRT_SECURE_NO_WARNINGS. See online help for details.
  c:\program files (x86)\windows kits\10\include\10.0.10240.0\ucrt\stdio.h(1270): note: see declaration of 'scanf'
c:\users\patrick\documents\college\secondyear\semestertwo\advanced c\advancedcproject\advancedcproject\project.c(381): warning C4996: 'scanf': This function or variable may be unsafe. Consider using scanf_s instead. To disable deprecation, use _CRT_SECURE_NO_WARNINGS. See online help for details.
  c:\program files (x86)\windows kits\10\include\10.0.10240.0\ucrt\stdio.h(1270): note: see declaration of 'scanf'
c:\users\patrick\documents\college\secondyear\semestertwo\advanced c\advancedcproject\advancedcproject\project.c(392): warning C4996: 'scanf': This function or variable may be unsafe. Consider using scanf_s instead. To disable deprecation, use _CRT_SECURE_NO_WARNINGS. See online help for details.
  c:\program files (x86)\windows kits\10\include\10.0.10240.0\ucrt\stdio.h(1270): note: see declaration of 'scanf'
c:\users\patrick\documents\college\secondyear\semestertwo\advanced c\advancedcproject\advancedcproject\project.c(400): warning C4996: 'scanf': This function or variable may be unsafe. Consider using scanf_s instead. To disable deprecation, use _CRT_SECURE_NO_WARNINGS. See online help for details.
  c:\program files (x86)\windows kits\10\include\10.0.10240.0\ucrt\stdio.h(1270): note: see declaration of 'scanf'
c:\users\patrick\documents\college\secondyear\semestertwo\advanced c\advancedcproject\advancedcproject\project.c(408): warning C4996: 'scanf': This function or variable may be unsafe. Consider using scanf_s instead. To disable deprecation, use _CRT_SECURE_NO_WARNINGS. See online help for details.
  c:\program files (x86)\windows kits\10\include\10.0.10240.0\ucrt\stdio.h(1270): note: see declaration of 'scanf'
c:\users\patrick\documents\college\secondyear\semestertwo\advanced c\advancedcproject\advancedcproject\project.c(416): warning C4996: 'scanf': This function or variable may be unsafe. Consider using scanf_s instead. To disable deprecation, use _CRT_SECURE_NO_WARNINGS. See online help for details.
  c:\program files (x86)\windows kits\10\include\10.0.10240.0\ucrt\stdio.h(1270): note: see declaration of 'scanf'
c:\users\patrick\documents\college\secondyear\semestertwo\advanced c\advancedcproject\advancedcproject\project.c(548): warning C4129: 'S': unrecognized character escape sequence
c:\users\patrick\documents\college\secondyear\semestertwo\advanced c\advancedcproject\advancedcproject\project.c(598): warning C4129: 'S': unrecognized character escape sequence
c:\users\patrick\documents\college\secondyear\semestertwo\advanced c\advancedcproject\advancedcproject\project.c(499): warning C4996: 'scanf': This function or variable may be unsafe. Consider using scanf_s instead. To disable deprecation, use _CRT_SECURE_NO_WARNINGS. See online help for details.
  c:\program files (x86)\windows kits\10\include\10.0.10240.0\ucrt\stdio.h(1270): note: see declaration of 'scanf'
c:\users\patrick\documents\college\secondyear\semestertwo\advanced c\advancedcproject\advancedcproject\project.c(503): warning C4996: 'scanf': This function or variable may be unsafe. Consider using scanf_s instead. To disable deprecation, use _CRT_SECURE_NO_WARNINGS. See online help for details.
  c:\program files (x86)\windows kits\10\include\10.0.10240.0\ucrt\stdio.h(1270): note: see declaration of 'scanf'
c:\users\patrick\documents\college\secondyear\semestertwo\advanced c\advancedcproject\advancedcproject\project.c(554): warning C4996: 'scanf': This function or variable may be unsafe. Consider using scanf_s instead. To disable deprecation, use _CRT_SECURE_NO_WARNINGS. See online help for details.
  c:\program files (x86)\windows kits\10\include\10.0.10240.0\ucrt\stdio.h(1270): note: see declaration of 'scanf'
c:\users\patrick\documents\college\secondyear\semestertwo\advanced c\advancedcproject\advancedcproject\project.c(558): warning C4996: 'strcmpi': The POSIX name for this item is deprecated. Instead, use the ISO C and C++ conformant name: _strcmpi. See online help for details.
  c:\program files (x86)\windows kits\10\include\10.0.10240.0\ucrt\string.h(562): note: see declaration of 'strcmpi'
c:\users\patrick\documents\college\secondyear\semestertwo\advanced c\advancedcproject\advancedcproject\project.c(778): warning C4129: 'S': unrecognized character escape sequence
c:\users\patrick\documents\college\secondyear\semestertwo\advanced c\advancedcproject\advancedcproject\project.c(926): warning C4129: 'S': unrecognized character escape sequence
c:\users\patrick\documents\college\secondyear\semestertwo\advanced c\advancedcproject\advancedcproject\project.c(630): warning C4996: 'scanf': This function or variable may be unsafe. Consider using scanf_s instead. To disable deprecation, use _CRT_SECURE_NO_WARNINGS. See online help for details.
  c:\program files (x86)\windows kits\10\include\10.0.10240.0\ucrt\stdio.h(1270): note: see declaration of 'scanf'
c:\users\patrick\documents\college\secondyear\semestertwo\advanced c\advancedcproject\advancedcproject\project.c(634): warning C4996: 'scanf': This function or variable may be unsafe. Consider using scanf_s instead. To disable deprecation, use _CRT_SECURE_NO_WARNINGS. See online help for details.
  c:\program files (x86)\windows kits\10\include\10.0.10240.0\ucrt\stdio.h(1270): note: see declaration of 'scanf'
c:\users\patrick\documents\college\secondyear\semestertwo\advanced c\advancedcproject\advancedcproject\project.c(679): warning C4996: 'scanf': This function or variable may be unsafe. Consider using scanf_s instead. To disable deprecation, use _CRT_SECURE_NO_WARNINGS. See online help for details.
  c:\program files (x86)\windows kits\10\include\10.0.10240.0\ucrt\stdio.h(1270): note: see declaration of 'scanf'
c:\users\patrick\documents\college\secondyear\semestertwo\advanced c\advancedcproject\advancedcproject\project.c(682): warning C4996: 'scanf': This function or variable may be unsafe. Consider using scanf_s instead. To disable deprecation, use _CRT_SECURE_NO_WARNINGS. See online help for details.
  c:\program files (x86)\windows kits\10\include\10.0.10240.0\ucrt\stdio.h(1270): note: see declaration of 'scanf'
c:\users\patrick\documents\college\secondyear\semestertwo\advanced c\advancedcproject\advancedcproject\project.c(686): warning C4996: 'scanf': This function or variable may be unsafe. Consider using scanf_s instead. To disable deprecation, use _CRT_SECURE_NO_WARNINGS. See online help for details.
  c:\program files (x86)\windows kits\10\include\10.0.10240.0\ucrt\stdio.h(1270): note: see declaration of 'scanf'
c:\users\patrick\documents\college\secondyear\semestertwo\advanced c\advancedcproject\advancedcproject\project.c(690): warning C4996: 'scanf': This function or variable may be unsafe. Consider using scanf_s instead. To disable deprecation, use _CRT_SECURE_NO_WARNINGS. See online help for details.
  c:\program files (x86)\windows kits\10\include\10.0.10240.0\ucrt\stdio.h(1270): note: see declaration of 'scanf'
c:\users\patrick\documents\college\secondyear\semestertwo\advanced c\advancedcproject\advancedcproject\project.c(695): warning C4996: 'scanf': This function or variable may be unsafe. Consider using scanf_s instead. To disable deprecation, use _CRT_SECURE_NO_WARNINGS. See online help for details.
  c:\program files (x86)\windows kits\10\include\10.0.10240.0\ucrt\stdio.h(1270): note: see declaration of 'scanf'
c:\users\patrick\documents\college\secondyear\semestertwo\advanced c\advancedcproject\advancedcproject\project.c(701): warning C4996: 'strcpy': This function or variable may be unsafe. Consider using strcpy_s instead. To disable deprecation, use _CRT_SECURE_NO_WARNINGS. See online help for details.
  c:\program files (x86)\windows kits\10\include\10.0.10240.0\ucrt\string.h(119): note: see declaration of 'strcpy'
c:\users\patrick\documents\college\secondyear\semestertwo\advanced c\advancedcproject\advancedcproject\project.c(706): warning C4996: 'scanf': This function or variable may be unsafe. Consider using scanf_s instead. To disable deprecation, use _CRT_SECURE_NO_WARNINGS. See online help for details.
  c:\program files (x86)\windows kits\10\include\10.0.10240.0\ucrt\stdio.h(1270): note: see declaration of 'scanf'
c:\users\patrick\documents\college\secondyear\semestertwo\advanced c\advancedcproject\advancedcproject\project.c(723): warning C4996: 'scanf': This function or variable may be unsafe. Consider using scanf_s instead. To disable deprecation, use _CRT_SECURE_NO_WARNINGS. See online help for details.
  c:\program files (x86)\windows kits\10\include\10.0.10240.0\ucrt\stdio.h(1270): note: see declaration of 'scanf'
c:\users\patrick\documents\college\secondyear\semestertwo\advanced c\advancedcproject\advancedcproject\project.c(736): warning C4996: 'scanf': This function or variable may be unsafe. Consider using scanf_s instead. To disable deprecation, use _CRT_SECURE_NO_WARNINGS. See online help for details.
  c:\program files (x86)\windows kits\10\include\10.0.10240.0\ucrt\stdio.h(1270): note: see declaration of 'scanf'
c:\users\patrick\documents\college\secondyear\semestertwo\advanced c\advancedcproject\advancedcproject\project.c(746): warning C4996: 'scanf': This function or variable may be unsafe. Consider using scanf_s instead. To disable deprecation, use _CRT_SECURE_NO_WARNINGS. See online help for details.
  c:\program files (x86)\windows kits\10\include\10.0.10240.0\ucrt\stdio.h(1270): note: see declaration of 'scanf'
c:\users\patrick\documents\college\secondyear\semestertwo\advanced c\advancedcproject\advancedcproject\project.c(756): warning C4996: 'scanf': This function or variable may be unsafe. Consider using scanf_s instead. To disable deprecation, use _CRT_SECURE_NO_WARNINGS. See online help for details.
  c:\program files (x86)\windows kits\10\include\10.0.10240.0\ucrt\stdio.h(1270): note: see declaration of 'scanf'
c:\users\patrick\documents\college\secondyear\semestertwo\advanced c\advancedcproject\advancedcproject\project.c(766): warning C4996: 'scanf': This function or variable may be unsafe. Consider using scanf_s instead. To disable deprecation, use _CRT_SECURE_NO_WARNINGS. See online help for details.
  c:\program files (x86)\windows kits\10\include\10.0.10240.0\ucrt\stdio.h(1270): note: see declaration of 'scanf'
c:\users\patrick\documents\college\secondyear\semestertwo\advanced c\advancedcproject\advancedcproject\project.c(784): warning C4996: 'scanf': This function or variable may be unsafe. Consider using scanf_s instead. To disable deprecation, use _CRT_SECURE_NO_WARNINGS. See online help for details.
  c:\program files (x86)\windows kits\10\include\10.0.10240.0\ucrt\stdio.h(1270): note: see declaration of 'scanf'
c:\users\patrick\documents\college\secondyear\semestertwo\advanced c\advancedcproject\advancedcproject\project.c(788): warning C4996: 'strcmpi': The POSIX name for this item is deprecated. Instead, use the ISO C and C++ conformant name: _strcmpi. See online help for details.
  c:\program files (x86)\windows kits\10\include\10.0.10240.0\ucrt\string.h(562): note: see declaration of 'strcmpi'
c:\users\patrick\documents\college\secondyear\semestertwo\advanced c\advancedcproject\advancedcproject\project.c(828): warning C4996: 'scanf': This function or variable may be unsafe. Consider using scanf_s instead. To disable deprecation, use _CRT_SECURE_NO_WARNINGS. See online help for details.
  c:\program files (x86)\windows kits\10\include\10.0.10240.0\ucrt\stdio.h(1270): note: see declaration of 'scanf'
c:\users\patrick\documents\college\secondyear\semestertwo\advanced c\advancedcproject\advancedcproject\project.c(831): warning C4996: 'scanf': This function or variable may be unsafe. Consider using scanf_s instead. To disable deprecation, use _CRT_SECURE_NO_WARNINGS. See online help for details.
  c:\program files (x86)\windows kits\10\include\10.0.10240.0\ucrt\stdio.h(1270): note: see declaration of 'scanf'
c:\users\patrick\documents\college\secondyear\semestertwo\advanced c\advancedcproject\advancedcproject\project.c(835): warning C4996: 'scanf': This function or variable may be unsafe. Consider using scanf_s instead. To disable deprecation, use _CRT_SECURE_NO_WARNINGS. See online help for details.
  c:\program files (x86)\windows kits\10\include\10.0.10240.0\ucrt\stdio.h(1270): note: see declaration of 'scanf'
c:\users\patrick\documents\college\secondyear\semestertwo\advanced c\advancedcproject\advancedcproject\project.c(839): warning C4996: 'scanf': This function or variable may be unsafe. Consider using scanf_s instead. To disable deprecation, use _CRT_SECURE_NO_WARNINGS. See online help for details.
  c:\program files (x86)\windows kits\10\include\10.0.10240.0\ucrt\stdio.h(1270): note: see declaration of 'scanf'
c:\users\patrick\documents\college\secondyear\semestertwo\advanced c\advancedcproject\advancedcproject\project.c(844): warning C4996: 'scanf': This function or variable may be unsafe. Consider using scanf_s instead. To disable deprecation, use _CRT_SECURE_NO_WARNINGS. See online help for details.
  c:\program files (x86)\windows kits\10\include\10.0.10240.0\ucrt\stdio.h(1270): note: see declaration of 'scanf'
c:\users\patrick\documents\college\secondyear\semestertwo\advanced c\advancedcproject\advancedcproject\project.c(850): warning C4996: 'strcpy': This function or variable may be unsafe. Consider using strcpy_s instead. To disable deprecation, use _CRT_SECURE_NO_WARNINGS. See online help for details.
  c:\program files (x86)\windows kits\10\include\10.0.10240.0\ucrt\string.h(119): note: see declaration of 'strcpy'
c:\users\patrick\documents\college\secondyear\semestertwo\advanced c\advancedcproject\advancedcproject\project.c(855): warning C4996: 'scanf': This function or variable may be unsafe. Consider using scanf_s instead. To disable deprecation, use _CRT_SECURE_NO_WARNINGS. See online help for details.
  c:\program files (x86)\windows kits\10\include\10.0.10240.0\ucrt\stdio.h(1270): note: see declaration of 'scanf'
c:\users\patrick\documents\college\secondyear\semestertwo\advanced c\advancedcproject\advancedcproject\project.c(872): warning C4996: 'scanf': This function or variable may be unsafe. Consider using scanf_s instead. To disable deprecation, use _CRT_SECURE_NO_WARNINGS. See online help for details.
  c:\program files (x86)\windows kits\10\include\10.0.10240.0\ucrt\stdio.h(1270): note: see declaration of 'scanf'
c:\users\patrick\documents\college\secondyear\semestertwo\advanced c\advancedcproject\advancedcproject\project.c(885): warning C4996: 'scanf': This function or variable may be unsafe. Consider using scanf_s instead. To disable deprecation, use _CRT_SECURE_NO_WARNINGS. See online help for details.
  c:\program files (x86)\windows kits\10\include\10.0.10240.0\ucrt\stdio.h(1270): note: see declaration of 'scanf'
c:\users\patrick\documents\college\secondyear\semestertwo\advanced c\advancedcproject\advancedcproject\project.c(895): warning C4996: 'scanf': This function or variable may be unsafe. Consider using scanf_s instead. To disable deprecation, use _CRT_SECURE_NO_WARNINGS. See online help for details.
  c:\program files (x86)\windows kits\10\include\10.0.10240.0\ucrt\stdio.h(1270): note: see declaration of 'scanf'
c:\users\patrick\documents\college\secondyear\semestertwo\advanced c\advancedcproject\advancedcproject\project.c(905): warning C4996: 'scanf': This function or variable may be unsafe. Consider using scanf_s instead. To disable deprecation, use _CRT_SECURE_NO_WARNINGS. See online help for details.
  c:\program files (x86)\windows kits\10\include\10.0.10240.0\ucrt\stdio.h(1270): note: see declaration of 'scanf'
c:\users\patrick\documents\college\secondyear\semestertwo\advanced c\advancedcproject\advancedcproject\project.c(915): warning C4996: 'scanf': This function or variable may be unsafe. Consider using scanf_s instead. To disable deprecation, use _CRT_SECURE_NO_WARNINGS. See online help for details.
  c:\program files (x86)\windows kits\10\include\10.0.10240.0\ucrt\stdio.h(1270): note: see declaration of 'scanf'
c:\users\patrick\documents\college\secondyear\semestertwo\advanced c\advancedcproject\advancedcproject\project.c(949): warning C4996: 'scanf': This function or variable may be unsafe. Consider using scanf_s instead. To disable deprecation, use _CRT_SECURE_NO_WARNINGS. See online help for details.
  c:\program files (x86)\windows kits\10\include\10.0.10240.0\ucrt\stdio.h(1270): note: see declaration of 'scanf'
c:\users\patrick\documents\college\secondyear\semestertwo\advanced c\advancedcproject\advancedcproject\project.c(943): warning C4101: 'status': unreferenced local variable
c:\users\patrick\documents\college\secondyear\semestertwo\advanced c\advancedcproject\advancedcproject\project.c(986): warning C4996: 'scanf': This function or variable may be unsafe. Consider using scanf_s instead. To disable deprecation, use _CRT_SECURE_NO_WARNINGS. See online help for details.
  c:\program files (x86)\windows kits\10\include\10.0.10240.0\ucrt\stdio.h(1270): note: see declaration of 'scanf'
c:\users\patrick\documents\college\secondyear\semestertwo\advanced c\advancedcproject\advancedcproject\project.c(1167): warning C4996: 'fopen': This function or variable may be unsafe. Consider using fopen_s instead. To disable deprecation, use _CRT_SECURE_NO_WARNINGS. See online help for details.
  c:\program files (x86)\windows kits\10\include\10.0.10240.0\ucrt\stdio.h(205): note: see declaration of 'fopen'
c:\users\patrick\documents\college\secondyear\semestertwo\advanced c\advancedcproject\advancedcproject\project.c(1378): warning C4996: 'fopen': This function or variable may be unsafe. Consider using fopen_s instead. To disable deprecation, use _CRT_SECURE_NO_WARNINGS. See online help for details.
  c:\program files (x86)\windows kits\10\include\10.0.10240.0\ucrt\stdio.h(205): note: see declaration of 'fopen'
c:\users\patrick\documents\college\secondyear\semestertwo\advanced c\advancedcproject\advancedcproject\project.c(1583): warning C4996: 'fopen': This function or variable may be unsafe. Consider using fopen_s instead. To disable deprecation, use _CRT_SECURE_NO_WARNINGS. See online help for details.
  c:\program files (x86)\windows kits\10\include\10.0.10240.0\ucrt\stdio.h(205): note: see declaration of 'fopen'
c:\users\patrick\documents\college\secondyear\semestertwo\advanced c\advancedcproject\advancedcproject\project.c(1840): warning C4996: 'fopen': This function or variable may be unsafe. Consider using fopen_s instead. To disable deprecation, use _CRT_SECURE_NO_WARNINGS. See online help for details.
  c:\program files (x86)\windows kits\10\include\10.0.10240.0\ucrt\stdio.h(205): note: see declaration of 'fopen'
c:\users\patrick\documents\college\secondyear\semestertwo\advanced c\advancedcproject\advancedcproject\project.c(2108): warning C4996: 'fopen': This function or variable may be unsafe. Consider using fopen_s instead. To disable deprecation, use _CRT_SECURE_NO_WARNINGS. See online help for details.
  c:\program files (x86)\windows kits\10\include\10.0.10240.0\ucrt\stdio.h(205): note: see declaration of 'fopen'
c:\users\patrick\documents\college\secondyear\semestertwo\advanced c\advancedcproject\advancedcproject\project.c(2372): warning C4996: 'fopen': This function or variable may be unsafe. Consider using fopen_s instead. To disable deprecation, use _CRT_SECURE_NO_WARNINGS. See online help for details.
  c:\program files (x86)\windows kits\10\include\10.0.10240.0\ucrt\stdio.h(205): note: see declaration of 'fopen'
c:\users\patrick\documents\college\secondyear\semestertwo\advanced c\advancedcproject\advancedcproject\project.c(2669): warning C4996: 'fopen': This function or variable may be unsafe. Consider using fopen_s instead. To disable deprecation, use _CRT_SECURE_NO_WARNINGS. See online help for details.
  c:\program files (x86)\windows kits\10\include\10.0.10240.0\ucrt\stdio.h(205): note: see declaration of 'fopen'
c:\users\patrick\documents\college\secondyear\semestertwo\advanced c\advancedcproject\advancedcproject\project.c(2791): warning C4996: 'strcpy': This function or variable may be unsafe. Consider using strcpy_s instead. To disable deprecation, use _CRT_SECURE_NO_WARNINGS. See online help for details.
  c:\program files (x86)\windows kits\10\include\10.0.10240.0\ucrt\string.h(119): note: see declaration of 'strcpy'
c:\users\patrick\documents\college\secondyear\semestertwo\advanced c\advancedcproject\advancedcproject\project.c(2792): warning C4996: 'strcpy': This function or variable may be unsafe. Consider using strcpy_s instead. To disable deprecation, use _CRT_SECURE_NO_WARNINGS. See online help for details.
  c:\program files (x86)\windows kits\10\include\10.0.10240.0\ucrt\string.h(119): note: see declaration of 'strcpy'
c:\users\patrick\documents\college\secondyear\semestertwo\advanced c\advancedcproject\advancedcproject\project.c(2793): warning C4996: 'strcpy': This function or variable may be unsafe. Consider using strcpy_s instead. To disable deprecation, use _CRT_SECURE_NO_WARNINGS. See online help for details.
  c:\program files (x86)\windows kits\10\include\10.0.10240.0\ucrt\string.h(119): note: see declaration of 'strcpy'
c:\users\patrick\documents\college\secondyear\semestertwo\advanced c\advancedcproject\advancedcproject\project.c(2795): warning C4996: 'strcpy': This function or variable may be unsafe. Consider using strcpy_s instead. To disable deprecation, use _CRT_SECURE_NO_WARNINGS. See online help for details.
  c:\program files (x86)\windows kits\10\include\10.0.10240.0\ucrt\string.h(119): note: see declaration of 'strcpy'
c:\users\patrick\documents\college\secondyear\semestertwo\advanced c\advancedcproject\advancedcproject\project.c(2796): warning C4996: 'strcpy': This function or variable may be unsafe. Consider using strcpy_s instead. To disable deprecation, use _CRT_SECURE_NO_WARNINGS. See online help for details.
  c:\program files (x86)\windows kits\10\include\10.0.10240.0\ucrt\string.h(119): note: see declaration of 'strcpy'
c:\users\patrick\documents\college\secondyear\semestertwo\advanced c\advancedcproject\advancedcproject\project.c(2797): warning C4996: 'strcpy': This function or variable may be unsafe. Consider using strcpy_s instead. To disable deprecation, use _CRT_SECURE_NO_WARNINGS. See online help for details.
  c:\program files (x86)\windows kits\10\include\10.0.10240.0\ucrt\string.h(119): note: see declaration of 'strcpy'
c:\users\patrick\documents\college\secondyear\semestertwo\advanced c\advancedcproject\advancedcproject\project.c(2799): warning C4996: 'strcpy': This function or variable may be unsafe. Consider using strcpy_s instead. To disable deprecation, use _CRT_SECURE_NO_WARNINGS. See online help for details.
  c:\program files (x86)\windows kits\10\include\10.0.10240.0\ucrt\string.h(119): note: see declaration of 'strcpy'
c:\users\patrick\documents\college\secondyear\semestertwo\advanced c\advancedcproject\advancedcproject\project.c(2800): warning C4996: 'strcpy': This function or variable may be unsafe. Consider using strcpy_s instead. To disable deprecation, use _CRT_SECURE_NO_WARNINGS. See online help for details.
  c:\program files (x86)\windows kits\10\include\10.0.10240.0\ucrt\string.h(119): note: see declaration of 'strcpy'
c:\users\patrick\documents\college\secondyear\semestertwo\advanced c\advancedcproject\advancedcproject\project.c(2801): warning C4996: 'strcpy': This function or variable may be unsafe. Consider using strcpy_s instead. To disable deprecation, use _CRT_SECURE_NO_WARNINGS. See online help for details.
  c:\program files (x86)\windows kits\10\include\10.0.10240.0\ucrt\string.h(119): note: see declaration of 'strcpy'
c:\users\patrick\documents\college\secondyear\semestertwo\advanced c\advancedcproject\advancedcproject\project.c(2803): warning C4996: 'strcpy': This function or variable may be unsafe. Consider using strcpy_s instead. To disable deprecation, use _CRT_SECURE_NO_WARNINGS. See online help for details.
  c:\program files (x86)\windows kits\10\include\10.0.10240.0\ucrt\string.h(119): note: see declaration of 'strcpy'
c:\users\patrick\documents\college\secondyear\semestertwo\advanced c\advancedcproject\advancedcproject\project.c(2804): warning C4996: 'strcpy': This function or variable may be unsafe. Consider using strcpy_s instead. To disable deprecation, use _CRT_SECURE_NO_WARNINGS. See online help for details.
  c:\program files (x86)\windows kits\10\include\10.0.10240.0\ucrt\string.h(119): note: see declaration of 'strcpy'
c:\users\patrick\documents\college\secondyear\semestertwo\advanced c\advancedcproject\advancedcproject\project.c(2805): warning C4996: 'strcpy': This function or variable may be unsafe. Consider using strcpy_s instead. To disable deprecation, use _CRT_SECURE_NO_WARNINGS. See online help for details.
  c:\program files (x86)\windows kits\10\include\10.0.10240.0\ucrt\string.h(119): note: see declaration of 'strcpy'
c:\users\patrick\documents\college\secondyear\semestertwo\advanced c\advancedcproject\advancedcproject\project.c(2807): warning C4996: 'strcpy': This function or variable may be unsafe. Consider using strcpy_s instead. To disable deprecation, use _CRT_SECURE_NO_WARNINGS. See online help for details.
  c:\program files (x86)\windows kits\10\include\10.0.10240.0\ucrt\string.h(119): note: see declaration of 'strcpy'
c:\users\patrick\documents\college\secondyear\semestertwo\advanced c\advancedcproject\advancedcproject\project.c(2808): warning C4996: 'strcpy': This function or variable may be unsafe. Consider using strcpy_s instead. To disable deprecation, use _CRT_SECURE_NO_WARNINGS. See online help for details.
  c:\program files (x86)\windows kits\10\include\10.0.10240.0\ucrt\string.h(119): note: see declaration of 'strcpy'
c:\users\patrick\documents\college\secondyear\semestertwo\advanced c\advancedcproject\advancedcproject\project.c(2809): warning C4996: 'strcpy': This function or variable may be unsafe. Consider using strcpy_s instead. To disable deprecation, use _CRT_SECURE_NO_WARNINGS. See online help for details.
  c:\program files (x86)\windows kits\10\include\10.0.10240.0\ucrt\string.h(119): note: see declaration of 'strcpy'
c:\users\patrick\documents\college\secondyear\semestertwo\advanced c\advancedcproject\advancedcproject\project.c(2844): warning C4133: '=': incompatible types - from 'listElemnt *' to 'listElement *'
c:\users\patrick\documents\college\secondyear\semestertwo\advanced c\advancedcproject\advancedcproject\project.c(2840): warning C4996: 'fopen': This function or variable may be unsafe. Consider using fopen_s instead. To disable deprecation, use _CRT_SECURE_NO_WARNINGS. See online help for details.
  c:\program files (x86)\windows kits\10\include\10.0.10240.0\ucrt\stdio.h(205): note: see declaration of 'fopen'
c:\users\patrick\documents\college\secondyear\semestertwo\advanced c\advancedcproject\advancedcproject\project.c(2907): warning C4133: '=': incompatible types - from 'listElemnt *' to 'listElement *'
c:\users\patrick\documents\college\secondyear\semestertwo\advanced c\advancedcproject\advancedcproject\project.c(2913): warning C4996: 'fopen': This function or variable may be unsafe. Consider using fopen_s instead. To disable deprecation, use _CRT_SECURE_NO_WARNINGS. See online help for details.
  c:\program files (x86)\windows kits\10\include\10.0.10240.0\ucrt\stdio.h(205): note: see declaration of 'fopen'
c:\users\patrick\documents\college\secondyear\semestertwo\advanced c\advancedcproject\advancedcproject\project.c(2948): warning C4133: '=': incompatible types - from 'listElemnt *' to 'listElement *'
c:\users\patrick\documents\college\secondyear\semestertwo\advanced c\advancedcproject\advancedcproject\project.c(2949): warning C4133: '=': incompatible types - from 'listElement *' to 'listElemnt *'
c:\users\patrick\documents\college\secondyear\semestertwo\advanced c\advancedcproject\advancedcproject\project.c(2937): warning C4996: 'fopen': This function or variable may be unsafe. Consider using fopen_s instead. To disable deprecation, use _CRT_SECURE_NO_WARNINGS. See online help for details.
  c:\program files (x86)\windows kits\10\include\10.0.10240.0\ucrt\stdio.h(205): note: see declaration of 'fopen'
c:\users\patrick\documents\college\secondyear\semestertwo\advanced c\advancedcproject\advancedcproject\project.c(2944): warning C4996: 'fscanf': This function or variable may be unsafe. Consider using fscanf_s instead. To disable deprecation, use _CRT_SECURE_NO_WARNINGS. See online help for details.
  c:\program files (x86)\windows kits\10\include\10.0.10240.0\ucrt\stdio.h(1193): note: see declaration of 'fscanf'
c:\users\patrick\documents\college\secondyear\semestertwo\advanced c\advancedcproject\advancedcproject\project.c(2984): warning C4018: '<': signed/unsigned mismatch
  AdvancedCProject.vcxproj -> C:\Users\Patrick\Documents\COLLEGE\SecondYear\SemesterTwo\Advanced C\AdvancedCProject\Debug\AdvancedCProject.exe
  AdvancedCProject.vcxproj -> C:\Users\Patrick\Documents\COLLEGE\SecondYear\SemesterTwo\Advanced C\AdvancedCProject\Debug\AdvancedCProject.pdb (Full PDB)
